<?xml version="1.0" encoding="UTF-8"?>
<!-- Generated by org.testng.reporters.JUnitReportReporter -->
<testsuite hostname="INLEN8520078556" failures="0" tests="6" name="com.cg.Test.TestCases" time="16.080" errors="1" timestamp="2023-06-29T16:05:48 IST" skipped="0">
  <testcase classname="com.cg.Test.TestCases" name="HomePageTitleVerify" time="0.023"/>
  <system-out/>
  <testcase classname="com.cg.Test.TestCases" name="loginpageVerify" time="2.772"/>
  <system-out/>
  <testcase classname="com.cg.Test.TestCases" name="emicalculator" time="6.339"/>
  <system-out/>
  <testcase classname="com.cg.Test.TestCases" name="eligibilitycalculator" time="0.883"/>
  <system-out/>
  <testcase classname="com.cg.Test.TestCases" name="prepayver" time="6.057"/>
  <system-out/>
  <testcase classname="com.cg.Test.TestCases" name="verifyHomeLoans" time="0.006">
    <error type="java.lang.StackOverflowError">
      <![CDATA[java.lang.StackOverflowError
at com.cg.Test.TestCases.verifyHomeLoans(TestCases.java:85)
at com.cg.Test.TestCases.verifyHomeLoans(TestCases.java:85)
at com.cg.Test.TestCases.verifyHomeLoans(TestCases.java:85)
at com.cg.Test.TestCases.verifyHomeLoans(TestCases.java:85)
at com.cg.Test.TestCases.verifyHomeLoans(TestCases.java:85)
at com.cg.Test.TestCases.verifyHomeLoans(TestCases.java:85)
at com.cg.Test.TestCases.verifyHomeLoans(TestCases.java:85)
at com.cg.Test.TestCases.verifyHomeLoans(TestCases.java:85)
at com.cg.Test.TestCases.verifyHomeLoans(TestCases.java:85)
at com.cg.Test.TestCases.verifyHomeLoans(TestCases.java:85)
at com.cg.Test.TestCases.verifyHomeLoans(TestCases.java:85)
at com.cg.Test.TestCases.verifyHomeLoans(TestCases.java:85)
at com.cg.Test.TestCases.verifyHomeLoans(TestCases.java:85)
at com.cg.Test.TestCases.verifyHomeLoans(TestCases.java:85)
at com.cg.Test.TestCases.verifyHomeLoans(TestCases.java:85)
at com.cg.Test.TestCases.verifyHomeLoans(TestCases.java:85)
at com.cg.Test.TestCases.verifyHomeLoans(TestCases.java:85)
at com.cg.Test.TestCases.verifyHomeLoans(TestCases.java:85)
at com.cg.Test.TestCases.verifyHomeLoans(TestCases.java:85)
at com.cg.Test.TestCases.verifyHomeLoans(TestCases.java:85)
at com.cg.Test.TestCases.verifyHomeLoans(TestCases.java:85)
at com.cg.Test.TestCases.verifyHomeLoans(TestCases.java:85)
at com.cg.Test.TestCases.verifyHomeLoans(TestCases.java:85)
at com.cg.Test.TestCases.verifyHomeLoans(TestCases.java:85)
at com.cg.Test.TestCases.verifyHomeLoans(TestCases.java:85)
at com.cg.Test.TestCases.verifyHomeLoans(TestCases.java:85)
at com.cg.Test.TestCases.verifyHomeLoans(TestCases.java:85)
at com.cg.Test.TestCases.verifyHomeLoans(TestCases.java:85)
at com.cg.Test.TestCases.verifyHomeLoans(TestCases.java:85)
at com.cg.Test.TestCases.verifyHomeLoans(TestCases.java:85)
at com.cg.Test.TestCases.verifyHomeLoans(TestCases.java:85)
at com.cg.Test.TestCases.verifyHomeLoans(TestCases.java:85)
at com.cg.Test.TestCases.verifyHomeLoans(TestCases.java:85)
at com.cg.Test.TestCases.verifyHomeLoans(TestCases.java:85)
at com.cg.Test.TestCases.verifyHomeLoans(TestCases.java:85)
at com.cg.Test.TestCases.verifyHomeLoans(TestCases.java:85)
at com.cg.Test.TestCases.verifyHomeLoans(TestCases.java:85)
at com.cg.Test.TestCases.verifyHomeLoans(TestCases.java:85)
at com.cg.Test.TestCases.verifyHomeLoans(TestCases.java:85)
at com.cg.Test.TestCases.verifyHomeLoans(TestCases.java:85)
at com.cg.Test.TestCases.verifyHomeLoans(TestCases.java:85)
at com.cg.Test.TestCases.verifyHomeLoans(TestCases.java:85)
at com.cg.Test.TestCases.verifyHomeLoans(TestCases.java:85)
at com.cg.Test.TestCases.verifyHomeLoans(TestCases.java:85)
at com.cg.Test.TestCases.verifyHomeLoans(TestCases.java:85)
at com.cg.Test.TestCases.verifyHomeLoans(TestCases.java:85)
at com.cg.Test.TestCases.verifyHomeLoans(TestCases.java:85)
at com.cg.Test.TestCases.verifyHomeLoans(TestCases.java:85)
at com.cg.Test.TestCases.verifyHomeLoans(TestCases.java:85)
at com.cg.Test.TestCases.verifyHomeLoans(TestCases.java:85)
at com.cg.Test.TestCases.verifyHomeLoans(TestCases.java:85)
at com.cg.Test.TestCases.verifyHomeLoans(TestCases.java:85)
at com.cg.Test.TestCases.verifyHomeLoans(TestCases.java:85)
at com.cg.Test.TestCases.verifyHomeLoans(TestCases.java:85)
at com.cg.Test.TestCases.verifyHomeLoans(TestCases.java:85)
at com.cg.Test.TestCases.verifyHomeLoans(TestCases.java:85)
at com.cg.Test.TestCases.verifyHomeLoans(TestCases.java:85)
at com.cg.Test.TestCases.verifyHomeLoans(TestCases.java:85)
at com.cg.Test.TestCases.verifyHomeLoans(TestCases.java:85)
at com.cg.Test.TestCases.verifyHomeLoans(TestCases.java:85)
at com.cg.Test.TestCases.verifyHomeLoans(TestCases.java:85)
at com.cg.Test.TestCases.verifyHomeLoans(TestCases.java:85)
at com.cg.Test.TestCases.verifyHomeLoans(TestCases.java:85)
at com.cg.Test.TestCases.verifyHomeLoans(TestCases.java:85)
at com.cg.Test.TestCases.verifyHomeLoans(TestCases.java:85)
at com.cg.Test.TestCases.verifyHomeLoans(TestCases.java:85)
at com.cg.Test.TestCases.verifyHomeLoans(TestCases.java:85)
at com.cg.Test.TestCases.verifyHomeLoans(TestCases.java:85)
at com.cg.Test.TestCases.verifyHomeLoans(TestCases.java:85)
at com.cg.Test.TestCases.verifyHomeLoans(TestCases.java:85)
at com.cg.Test.TestCases.verifyHomeLoans(TestCases.java:85)
at com.cg.Test.TestCases.verifyHomeLoans(TestCases.java:85)
at com.cg.Test.TestCases.verifyHomeLoans(TestCases.java:85)
at com.cg.Test.TestCases.verifyHomeLoans(TestCases.java:85)
at com.cg.Test.TestCases.verifyHomeLoans(TestCases.java:85)
at com.cg.Test.TestCases.verifyHomeLoans(TestCases.java:85)
at com.cg.Test.TestCases.verifyHomeLoans(TestCases.java:85)
at com.cg.Test.TestCases.verifyHomeLoans(TestCases.java:85)
at com.cg.Test.TestCases.verifyHomeLoans(TestCases.java:85)
at com.cg.Test.TestCases.verifyHomeLoans(TestCases.java:85)
at com.cg.Test.TestCases.verifyHomeLoans(TestCases.java:85)
at com.cg.Test.TestCases.verifyHomeLoans(TestCases.java:85)
at com.cg.Test.TestCases.verifyHomeLoans(TestCases.java:85)
at com.cg.Test.TestCases.verifyHomeLoans(TestCases.java:85)
at com.cg.Test.TestCases.verifyHomeLoans(TestCases.java:85)
at com.cg.Test.TestCases.verifyHomeLoans(TestCases.java:85)
at com.cg.Test.TestCases.verifyHomeLoans(TestCases.java:85)
at com.cg.Test.TestCases.verifyHomeLoans(TestCases.java:85)
at com.cg.Test.TestCases.verifyHomeLoans(TestCases.java:85)
at com.cg.Test.TestCases.verifyHomeLoans(TestCases.java:85)
at com.cg.Test.TestCases.verifyHomeLoans(TestCases.java:85)
at com.cg.Test.TestCases.verifyHomeLoans(TestCases.java:85)
at com.cg.Test.TestCases.verifyHomeLoans(TestCases.java:85)
at com.cg.Test.TestCases.verifyHomeLoans(TestCases.java:85)
at com.cg.Test.TestCases.verifyHomeLoans(TestCases.java:85)
at com.cg.Test.TestCases.verifyHomeLoans(TestCases.java:85)
at com.cg.Test.TestCases.verifyHomeLoans(TestCases.java:85)
at com.cg.Test.TestCases.verifyHomeLoans(TestCases.java:85)
at com.cg.Test.TestCases.verifyHomeLoans(TestCases.java:85)
at com.cg.Test.TestCases.verifyHomeLoans(TestCases.java:85)
at com.cg.Test.TestCases.verifyHomeLoans(TestCases.java:85)
at com.cg.Test.TestCases.verifyHomeLoans(TestCases.java:85)
at com.cg.Test.TestCases.verifyHomeLoans(TestCases.java:85)
at com.cg.Test.TestCases.verifyHomeLoans(TestCases.java:85)
at com.cg.Test.TestCases.verifyHomeLoans(TestCases.java:85)
at com.cg.Test.TestCases.verifyHomeLoans(TestCases.java:85)
at com.cg.Test.TestCases.verifyHomeLoans(TestCases.java:85)
at com.cg.Test.TestCases.verifyHomeLoans(TestCases.java:85)
at com.cg.Test.TestCases.verifyHomeLoans(TestCases.java:85)
at com.cg.Test.TestCases.verifyHomeLoans(TestCases.java:85)
at com.cg.Test.TestCases.verifyHomeLoans(TestCases.java:85)
at com.cg.Test.TestCases.verifyHomeLoans(TestCases.java:85)
at com.cg.Test.TestCases.verifyHomeLoans(TestCases.java:85)
at com.cg.Test.TestCases.verifyHomeLoans(TestCases.java:85)
at com.cg.Test.TestCases.verifyHomeLoans(TestCases.java:85)
at com.cg.Test.TestCases.verifyHomeLoans(TestCases.java:85)
at com.cg.Test.TestCases.verifyHomeLoans(TestCases.java:85)
at com.cg.Test.TestCases.verifyHomeLoans(TestCases.java:85)
at com.cg.Test.TestCases.verifyHomeLoans(TestCases.java:85)
at com.cg.Test.TestCases.verifyHomeLoans(TestCases.java:85)
at com.cg.Test.TestCases.verifyHomeLoans(TestCases.java:85)
at com.cg.Test.TestCases.verifyHomeLoans(TestCases.java:85)
at com.cg.Test.TestCases.verifyHomeLoans(TestCases.java:85)
at com.cg.Test.TestCases.verifyHomeLoans(TestCases.java:85)
at com.cg.Test.TestCases.verifyHomeLoans(TestCases.java:85)
at com.cg.Test.TestCases.verifyHomeLoans(TestCases.java:85)
at com.cg.Test.TestCases.verifyHomeLoans(TestCases.java:85)
at com.cg.Test.TestCases.verifyHomeLoans(TestCases.java:85)
at com.cg.Test.TestCases.verifyHomeLoans(TestCases.java:85)
at com.cg.Test.TestCases.verifyHomeLoans(TestCases.java:85)
at com.cg.Test.TestCases.verifyHomeLoans(TestCases.java:85)
at com.cg.Test.TestCases.verifyHomeLoans(TestCases.java:85)
at com.cg.Test.TestCases.verifyHomeLoans(TestCases.java:85)
at com.cg.Test.TestCases.verifyHomeLoans(TestCases.java:85)
at com.cg.Test.TestCases.verifyHomeLoans(TestCases.java:85)
at com.cg.Test.TestCases.verifyHomeLoans(TestCases.java:85)
at com.cg.Test.TestCases.verifyHomeLoans(TestCases.java:85)
at com.cg.Test.TestCases.verifyHomeLoans(TestCases.java:85)
at com.cg.Test.TestCases.verifyHomeLoans(TestCases.java:85)
at com.cg.Test.TestCases.verifyHomeLoans(TestCases.java:85)
at com.cg.Test.TestCases.verifyHomeLoans(TestCases.java:85)
at com.cg.Test.TestCases.verifyHomeLoans(TestCases.java:85)
at com.cg.Test.TestCases.verifyHomeLoans(TestCases.java:85)
at com.cg.Test.TestCases.verifyHomeLoans(TestCases.java:85)
at com.cg.Test.TestCases.verifyHomeLoans(TestCases.java:85)
at com.cg.Test.TestCases.verifyHomeLoans(TestCases.java:85)
at com.cg.Test.TestCases.verifyHomeLoans(TestCases.java:85)
at com.cg.Test.TestCases.verifyHomeLoans(TestCases.java:85)
at com.cg.Test.TestCases.verifyHomeLoans(TestCases.java:85)
at com.cg.Test.TestCases.verifyHomeLoans(TestCases.java:85)
at com.cg.Test.TestCases.verifyHomeLoans(TestCases.java:85)
at com.cg.Test.TestCases.verifyHomeLoans(TestCases.java:85)
at com.cg.Test.TestCases.verifyHomeLoans(TestCases.java:85)
at com.cg.Test.TestCases.verifyHomeLoans(TestCases.java:85)
at com.cg.Test.TestCases.verifyHomeLoans(TestCases.java:85)
at com.cg.Test.TestCases.verifyHomeLoans(TestCases.java:85)
at com.cg.Test.TestCases.verifyHomeLoans(TestCases.java:85)
at com.cg.Test.TestCases.verifyHomeLoans(TestCases.java:85)
at com.cg.Test.TestCases.verifyHomeLoans(TestCases.java:85)
at com.cg.Test.TestCases.verifyHomeLoans(TestCases.java:85)
at com.cg.Test.TestCases.verifyHomeLoans(TestCases.java:85)
at com.cg.Test.TestCases.verifyHomeLoans(TestCases.java:85)
at com.cg.Test.TestCases.verifyHomeLoans(TestCases.java:85)
at com.cg.Test.TestCases.verifyHomeLoans(TestCases.java:85)
at com.cg.Test.TestCases.verifyHomeLoans(TestCases.java:85)
at com.cg.Test.TestCases.verifyHomeLoans(TestCases.java:85)
at com.cg.Test.TestCases.verifyHomeLoans(TestCases.java:85)
at com.cg.Test.TestCases.verifyHomeLoans(TestCases.java:85)
at com.cg.Test.TestCases.verifyHomeLoans(TestCases.java:85)
at com.cg.Test.TestCases.verifyHomeLoans(TestCases.java:85)
at com.cg.Test.TestCases.verifyHomeLoans(TestCases.java:85)
at com.cg.Test.TestCases.verifyHomeLoans(TestCases.java:85)
at com.cg.Test.TestCases.verifyHomeLoans(TestCases.java:85)
at com.cg.Test.TestCases.verifyHomeLoans(TestCases.java:85)
at com.cg.Test.TestCases.verifyHomeLoans(TestCases.java:85)
at com.cg.Test.TestCases.verifyHomeLoans(TestCases.java:85)
at com.cg.Test.TestCases.verifyHomeLoans(TestCases.java:85)
at com.cg.Test.TestCases.verifyHomeLoans(TestCases.java:85)
at com.cg.Test.TestCases.verifyHomeLoans(TestCases.java:85)
at com.cg.Test.TestCases.verifyHomeLoans(TestCases.java:85)
at com.cg.Test.TestCases.verifyHomeLoans(TestCases.java:85)
at com.cg.Test.TestCases.verifyHomeLoans(TestCases.java:85)
at com.cg.Test.TestCases.verifyHomeLoans(TestCases.java:85)
at com.cg.Test.TestCases.verifyHomeLoans(TestCases.java:85)
at com.cg.Test.TestCases.verifyHomeLoans(TestCases.java:85)
at com.cg.Test.TestCases.verifyHomeLoans(TestCases.java:85)
at com.cg.Test.TestCases.verifyHomeLoans(TestCases.java:85)
at com.cg.Test.TestCases.verifyHomeLoans(TestCases.java:85)
at com.cg.Test.TestCases.verifyHomeLoans(TestCases.java:85)
at com.cg.Test.TestCases.verifyHomeLoans(TestCases.java:85)
at com.cg.Test.TestCases.verifyHomeLoans(TestCases.java:85)
at com.cg.Test.TestCases.verifyHomeLoans(TestCases.java:85)
at com.cg.Test.TestCases.verifyHomeLoans(TestCases.java:85)
at com.cg.Test.TestCases.verifyHomeLoans(TestCases.java:85)
at com.cg.Test.TestCases.verifyHomeLoans(TestCases.java:85)
at com.cg.Test.TestCases.verifyHomeLoans(TestCases.java:85)
at com.cg.Test.TestCases.verifyHomeLoans(TestCases.java:85)
at com.cg.Test.TestCases.verifyHomeLoans(TestCases.java:85)
at com.cg.Test.TestCases.verifyHomeLoans(TestCases.java:85)
at com.cg.Test.TestCases.verifyHomeLoans(TestCases.java:85)
at com.cg.Test.TestCases.verifyHomeLoans(TestCases.java:85)
at com.cg.Test.TestCases.verifyHomeLoans(TestCases.java:85)
at com.cg.Test.TestCases.verifyHomeLoans(TestCases.java:85)
at com.cg.Test.TestCases.verifyHomeLoans(TestCases.java:85)
at com.cg.Test.TestCases.verifyHomeLoans(TestCases.java:85)
at com.cg.Test.TestCases.verifyHomeLoans(TestCases.java:85)
at com.cg.Test.TestCases.verifyHomeLoans(TestCases.java:85)
at com.cg.Test.TestCases.verifyHomeLoans(TestCases.java:85)
at com.cg.Test.TestCases.verifyHomeLoans(TestCases.java:85)
at com.cg.Test.TestCases.verifyHomeLoans(TestCases.java:85)
at com.cg.Test.TestCases.verifyHomeLoans(TestCases.java:85)
at com.cg.Test.TestCases.verifyHomeLoans(TestCases.java:85)
at com.cg.Test.TestCases.verifyHomeLoans(TestCases.java:85)
at com.cg.Test.TestCases.verifyHomeLoans(TestCases.java:85)
at com.cg.Test.TestCases.verifyHomeLoans(TestCases.java:85)
at com.cg.Test.TestCases.verifyHomeLoans(TestCases.java:85)
at com.cg.Test.TestCases.verifyHomeLoans(TestCases.java:85)
at com.cg.Test.TestCases.verifyHomeLoans(TestCases.java:85)
at com.cg.Test.TestCases.verifyHomeLoans(TestCases.java:85)
at com.cg.Test.TestCases.verifyHomeLoans(TestCases.java:85)
at com.cg.Test.TestCases.verifyHomeLoans(TestCases.java:85)
at com.cg.Test.TestCases.verifyHomeLoans(TestCases.java:85)
at com.cg.Test.TestCases.verifyHomeLoans(TestCases.java:85)
at com.cg.Test.TestCases.verifyHomeLoans(TestCases.java:85)
at com.cg.Test.TestCases.verifyHomeLoans(TestCases.java:85)
at com.cg.Test.TestCases.verifyHomeLoans(TestCases.java:85)
at com.cg.Test.TestCases.verifyHomeLoans(TestCases.java:85)
at com.cg.Test.TestCases.verifyHomeLoans(TestCases.java:85)
at com.cg.Test.TestCases.verifyHomeLoans(TestCases.java:85)
at com.cg.Test.TestCases.verifyHomeLoans(TestCases.java:85)
at com.cg.Test.TestCases.verifyHomeLoans(TestCases.java:85)
at com.cg.Test.TestCases.verifyHomeLoans(TestCases.java:85)
at com.cg.Test.TestCases.verifyHomeLoans(TestCases.java:85)
at com.cg.Test.TestCases.verifyHomeLoans(TestCases.java:85)
at com.cg.Test.TestCases.verifyHomeLoans(TestCases.java:85)
at com.cg.Test.TestCases.verifyHomeLoans(TestCases.java:85)
at com.cg.Test.TestCases.verifyHomeLoans(TestCases.java:85)
at com.cg.Test.TestCases.verifyHomeLoans(TestCases.java:85)
at com.cg.Test.TestCases.verifyHomeLoans(TestCases.java:85)
at com.cg.Test.TestCases.verifyHomeLoans(TestCases.java:85)
at com.cg.Test.TestCases.verifyHomeLoans(TestCases.java:85)
at com.cg.Test.TestCases.verifyHomeLoans(TestCases.java:85)
at com.cg.Test.TestCases.verifyHomeLoans(TestCases.java:85)
at com.cg.Test.TestCases.verifyHomeLoans(TestCases.java:85)
at com.cg.Test.TestCases.verifyHomeLoans(TestCases.java:85)
at com.cg.Test.TestCases.verifyHomeLoans(TestCases.java:85)
at com.cg.Test.TestCases.verifyHomeLoans(TestCases.java:85)
at com.cg.Test.TestCases.verifyHomeLoans(TestCases.java:85)
at com.cg.Test.TestCases.verifyHomeLoans(TestCases.java:85)
at com.cg.Test.TestCases.verifyHomeLoans(TestCases.java:85)
at com.cg.Test.TestCases.verifyHomeLoans(TestCases.java:85)
at com.cg.Test.TestCases.verifyHomeLoans(TestCases.java:85)
at com.cg.Test.TestCases.verifyHomeLoans(TestCases.java:85)
at com.cg.Test.TestCases.verifyHomeLoans(TestCases.java:85)
at com.cg.Test.TestCases.verifyHomeLoans(TestCases.java:85)
at com.cg.Test.TestCases.verifyHomeLoans(TestCases.java:85)
at com.cg.Test.TestCases.verifyHomeLoans(TestCases.java:85)
at com.cg.Test.TestCases.verifyHomeLoans(TestCases.java:85)
at com.cg.Test.TestCases.verifyHomeLoans(TestCases.java:85)
at com.cg.Test.TestCases.verifyHomeLoans(TestCases.java:85)
at com.cg.Test.TestCases.verifyHomeLoans(TestCases.java:85)
at com.cg.Test.TestCases.verifyHomeLoans(TestCases.java:85)
at com.cg.Test.TestCases.verifyHomeLoans(TestCases.java:85)
at com.cg.Test.TestCases.verifyHomeLoans(TestCases.java:85)
at com.cg.Test.TestCases.verifyHomeLoans(TestCases.java:85)
at com.cg.Test.TestCases.verifyHomeLoans(TestCases.java:85)
at com.cg.Test.TestCases.verifyHomeLoans(TestCases.java:85)
at com.cg.Test.TestCases.verifyHomeLoans(TestCases.java:85)
at com.cg.Test.TestCases.verifyHomeLoans(TestCases.java:85)
at com.cg.Test.TestCases.verifyHomeLoans(TestCases.java:85)
at com.cg.Test.TestCases.verifyHomeLoans(TestCases.java:85)
at com.cg.Test.TestCases.verifyHomeLoans(TestCases.java:85)
at com.cg.Test.TestCases.verifyHomeLoans(TestCases.java:85)
at com.cg.Test.TestCases.verifyHomeLoans(TestCases.java:85)
at com.cg.Test.TestCases.verifyHomeLoans(TestCases.java:85)
at com.cg.Test.TestCases.verifyHomeLoans(TestCases.java:85)
at com.cg.Test.TestCases.verifyHomeLoans(TestCases.java:85)
at com.cg.Test.TestCases.verifyHomeLoans(TestCases.java:85)
at com.cg.Test.TestCases.verifyHomeLoans(TestCases.java:85)
at com.cg.Test.TestCases.verifyHomeLoans(TestCases.java:85)
at com.cg.Test.TestCases.verifyHomeLoans(TestCases.java:85)
at com.cg.Test.TestCases.verifyHomeLoans(TestCases.java:85)
at com.cg.Test.TestCases.verifyHomeLoans(TestCases.java:85)
at com.cg.Test.TestCases.verifyHomeLoans(TestCases.java:85)
at com.cg.Test.TestCases.verifyHomeLoans(TestCases.java:85)
at com.cg.Test.TestCases.verifyHomeLoans(TestCases.java:85)
at com.cg.Test.TestCases.verifyHomeLoans(TestCases.java:85)
at com.cg.Test.TestCases.verifyHomeLoans(TestCases.java:85)
at com.cg.Test.TestCases.verifyHomeLoans(TestCases.java:85)
at com.cg.Test.TestCases.verifyHomeLoans(TestCases.java:85)
at com.cg.Test.TestCases.verifyHomeLoans(TestCases.java:85)
at com.cg.Test.TestCases.verifyHomeLoans(TestCases.java:85)
at com.cg.Test.TestCases.verifyHomeLoans(TestCases.java:85)
at com.cg.Test.TestCases.verifyHomeLoans(TestCases.java:85)
at com.cg.Test.TestCases.verifyHomeLoans(TestCases.java:85)
at com.cg.Test.TestCases.verifyHomeLoans(TestCases.java:85)
at com.cg.Test.TestCases.verifyHomeLoans(TestCases.java:85)
at com.cg.Test.TestCases.verifyHomeLoans(TestCases.java:85)
at com.cg.Test.TestCases.verifyHomeLoans(TestCases.java:85)
at com.cg.Test.TestCases.verifyHomeLoans(TestCases.java:85)
at com.cg.Test.TestCases.verifyHomeLoans(TestCases.java:85)
at com.cg.Test.TestCases.verifyHomeLoans(TestCases.java:85)
at com.cg.Test.TestCases.verifyHomeLoans(TestCases.java:85)
at com.cg.Test.TestCases.verifyHomeLoans(TestCases.java:85)
at com.cg.Test.TestCases.verifyHomeLoans(TestCases.java:85)
at com.cg.Test.TestCases.verifyHomeLoans(TestCases.java:85)
at com.cg.Test.TestCases.verifyHomeLoans(TestCases.java:85)
at com.cg.Test.TestCases.verifyHomeLoans(TestCases.java:85)
at com.cg.Test.TestCases.verifyHomeLoans(TestCases.java:85)
at com.cg.Test.TestCases.verifyHomeLoans(TestCases.java:85)
at com.cg.Test.TestCases.verifyHomeLoans(TestCases.java:85)
at com.cg.Test.TestCases.verifyHomeLoans(TestCases.java:85)
at com.cg.Test.TestCases.verifyHomeLoans(TestCases.java:85)
at com.cg.Test.TestCases.verifyHomeLoans(TestCases.java:85)
at com.cg.Test.TestCases.verifyHomeLoans(TestCases.java:85)
at com.cg.Test.TestCases.verifyHomeLoans(TestCases.java:85)
at com.cg.Test.TestCases.verifyHomeLoans(TestCases.java:85)
at com.cg.Test.TestCases.verifyHomeLoans(TestCases.java:85)
at com.cg.Test.TestCases.verifyHomeLoans(TestCases.java:85)
at com.cg.Test.TestCases.verifyHomeLoans(TestCases.java:85)
at com.cg.Test.TestCases.verifyHomeLoans(TestCases.java:85)
at com.cg.Test.TestCases.verifyHomeLoans(TestCases.java:85)
at com.cg.Test.TestCases.verifyHomeLoans(TestCases.java:85)
at com.cg.Test.TestCases.verifyHomeLoans(TestCases.java:85)
at com.cg.Test.TestCases.verifyHomeLoans(TestCases.java:85)
at com.cg.Test.TestCases.verifyHomeLoans(TestCases.java:85)
at com.cg.Test.TestCases.verifyHomeLoans(TestCases.java:85)
at com.cg.Test.TestCases.verifyHomeLoans(TestCases.java:85)
at com.cg.Test.TestCases.verifyHomeLoans(TestCases.java:85)
at com.cg.Test.TestCases.verifyHomeLoans(TestCases.java:85)
at com.cg.Test.TestCases.verifyHomeLoans(TestCases.java:85)
at com.cg.Test.TestCases.verifyHomeLoans(TestCases.java:85)
at com.cg.Test.TestCases.verifyHomeLoans(TestCases.java:85)
at com.cg.Test.TestCases.verifyHomeLoans(TestCases.java:85)
at com.cg.Test.TestCases.verifyHomeLoans(TestCases.java:85)
at com.cg.Test.TestCases.verifyHomeLoans(TestCases.java:85)
at com.cg.Test.TestCases.verifyHomeLoans(TestCases.java:85)
at com.cg.Test.TestCases.verifyHomeLoans(TestCases.java:85)
at com.cg.Test.TestCases.verifyHomeLoans(TestCases.java:85)
at com.cg.Test.TestCases.verifyHomeLoans(TestCases.java:85)
at com.cg.Test.TestCases.verifyHomeLoans(TestCases.java:85)
at com.cg.Test.TestCases.verifyHomeLoans(TestCases.java:85)
at com.cg.Test.TestCases.verifyHomeLoans(TestCases.java:85)
at com.cg.Test.TestCases.verifyHomeLoans(TestCases.java:85)
at com.cg.Test.TestCases.verifyHomeLoans(TestCases.java:85)
at com.cg.Test.TestCases.verifyHomeLoans(TestCases.java:85)
at com.cg.Test.TestCases.verifyHomeLoans(TestCases.java:85)
at com.cg.Test.TestCases.verifyHomeLoans(TestCases.java:85)
at com.cg.Test.TestCases.verifyHomeLoans(TestCases.java:85)
at com.cg.Test.TestCases.verifyHomeLoans(TestCases.java:85)
at com.cg.Test.TestCases.verifyHomeLoans(TestCases.java:85)
at com.cg.Test.TestCases.verifyHomeLoans(TestCases.java:85)
at com.cg.Test.TestCases.verifyHomeLoans(TestCases.java:85)
at com.cg.Test.TestCases.verifyHomeLoans(TestCases.java:85)
at com.cg.Test.TestCases.verifyHomeLoans(TestCases.java:85)
at com.cg.Test.TestCases.verifyHomeLoans(TestCases.java:85)
at com.cg.Test.TestCases.verifyHomeLoans(TestCases.java:85)
at com.cg.Test.TestCases.verifyHomeLoans(TestCases.java:85)
at com.cg.Test.TestCases.verifyHomeLoans(TestCases.java:85)
at com.cg.Test.TestCases.verifyHomeLoans(TestCases.java:85)
at com.cg.Test.TestCases.verifyHomeLoans(TestCases.java:85)
at com.cg.Test.TestCases.verifyHomeLoans(TestCases.java:85)
at com.cg.Test.TestCases.verifyHomeLoans(TestCases.java:85)
at com.cg.Test.TestCases.verifyHomeLoans(TestCases.java:85)
at com.cg.Test.TestCases.verifyHomeLoans(TestCases.java:85)
at com.cg.Test.TestCases.verifyHomeLoans(TestCases.java:85)
at com.cg.Test.TestCases.verifyHomeLoans(TestCases.java:85)
at com.cg.Test.TestCases.verifyHomeLoans(TestCases.java:85)
at com.cg.Test.TestCases.verifyHomeLoans(TestCases.java:85)
at com.cg.Test.TestCases.verifyHomeLoans(TestCases.java:85)
at com.cg.Test.TestCases.verifyHomeLoans(TestCases.java:85)
at com.cg.Test.TestCases.verifyHomeLoans(TestCases.java:85)
at com.cg.Test.TestCases.verifyHomeLoans(TestCases.java:85)
at com.cg.Test.TestCases.verifyHomeLoans(TestCases.java:85)
at com.cg.Test.TestCases.verifyHomeLoans(TestCases.java:85)
at com.cg.Test.TestCases.verifyHomeLoans(TestCases.java:85)
at com.cg.Test.TestCases.verifyHomeLoans(TestCases.java:85)
at com.cg.Test.TestCases.verifyHomeLoans(TestCases.java:85)
at com.cg.Test.TestCases.verifyHomeLoans(TestCases.java:85)
at com.cg.Test.TestCases.verifyHomeLoans(TestCases.java:85)
at com.cg.Test.TestCases.verifyHomeLoans(TestCases.java:85)
at com.cg.Test.TestCases.verifyHomeLoans(TestCases.java:85)
at com.cg.Test.TestCases.verifyHomeLoans(TestCases.java:85)
at com.cg.Test.TestCases.verifyHomeLoans(TestCases.java:85)
at com.cg.Test.TestCases.verifyHomeLoans(TestCases.java:85)
at com.cg.Test.TestCases.verifyHomeLoans(TestCases.java:85)
at com.cg.Test.TestCases.verifyHomeLoans(TestCases.java:85)
at com.cg.Test.TestCases.verifyHomeLoans(TestCases.java:85)
at com.cg.Test.TestCases.verifyHomeLoans(TestCases.java:85)
at com.cg.Test.TestCases.verifyHomeLoans(TestCases.java:85)
at com.cg.Test.TestCases.verifyHomeLoans(TestCases.java:85)
at com.cg.Test.TestCases.verifyHomeLoans(TestCases.java:85)
at com.cg.Test.TestCases.verifyHomeLoans(TestCases.java:85)
at com.cg.Test.TestCases.verifyHomeLoans(TestCases.java:85)
at com.cg.Test.TestCases.verifyHomeLoans(TestCases.java:85)
at com.cg.Test.TestCases.verifyHomeLoans(TestCases.java:85)
at com.cg.Test.TestCases.verifyHomeLoans(TestCases.java:85)
at com.cg.Test.TestCases.verifyHomeLoans(TestCases.java:85)
at com.cg.Test.TestCases.verifyHomeLoans(TestCases.java:85)
at com.cg.Test.TestCases.verifyHomeLoans(TestCases.java:85)
at com.cg.Test.TestCases.verifyHomeLoans(TestCases.java:85)
at com.cg.Test.TestCases.verifyHomeLoans(TestCases.java:85)
at com.cg.Test.TestCases.verifyHomeLoans(TestCases.java:85)
at com.cg.Test.TestCases.verifyHomeLoans(TestCases.java:85)
at com.cg.Test.TestCases.verifyHomeLoans(TestCases.java:85)
at com.cg.Test.TestCases.verifyHomeLoans(TestCases.java:85)
at com.cg.Test.TestCases.verifyHomeLoans(TestCases.java:85)
at com.cg.Test.TestCases.verifyHomeLoans(TestCases.java:85)
at com.cg.Test.TestCases.verifyHomeLoans(TestCases.java:85)
at com.cg.Test.TestCases.verifyHomeLoans(TestCases.java:85)
at com.cg.Test.TestCases.verifyHomeLoans(TestCases.java:85)
at com.cg.Test.TestCases.verifyHomeLoans(TestCases.java:85)
at com.cg.Test.TestCases.verifyHomeLoans(TestCases.java:85)
at com.cg.Test.TestCases.verifyHomeLoans(TestCases.java:85)
at com.cg.Test.TestCases.verifyHomeLoans(TestCases.java:85)
at com.cg.Test.TestCases.verifyHomeLoans(TestCases.java:85)
at com.cg.Test.TestCases.verifyHomeLoans(TestCases.java:85)
at com.cg.Test.TestCases.verifyHomeLoans(TestCases.java:85)
at com.cg.Test.TestCases.verifyHomeLoans(TestCases.java:85)
at com.cg.Test.TestCases.verifyHomeLoans(TestCases.java:85)
at com.cg.Test.TestCases.verifyHomeLoans(TestCases.java:85)
at com.cg.Test.TestCases.verifyHomeLoans(TestCases.java:85)
at com.cg.Test.TestCases.verifyHomeLoans(TestCases.java:85)
at com.cg.Test.TestCases.verifyHomeLoans(TestCases.java:85)
at com.cg.Test.TestCases.verifyHomeLoans(TestCases.java:85)
at com.cg.Test.TestCases.verifyHomeLoans(TestCases.java:85)
at com.cg.Test.TestCases.verifyHomeLoans(TestCases.java:85)
at com.cg.Test.TestCases.verifyHomeLoans(TestCases.java:85)
at com.cg.Test.TestCases.verifyHomeLoans(TestCases.java:85)
at com.cg.Test.TestCases.verifyHomeLoans(TestCases.java:85)
at com.cg.Test.TestCases.verifyHomeLoans(TestCases.java:85)
at com.cg.Test.TestCases.verifyHomeLoans(TestCases.java:85)
at com.cg.Test.TestCases.verifyHomeLoans(TestCases.java:85)
at com.cg.Test.TestCases.verifyHomeLoans(TestCases.java:85)
at com.cg.Test.TestCases.verifyHomeLoans(TestCases.java:85)
at com.cg.Test.TestCases.verifyHomeLoans(TestCases.java:85)
at com.cg.Test.TestCases.verifyHomeLoans(TestCases.java:85)
at com.cg.Test.TestCases.verifyHomeLoans(TestCases.java:85)
at com.cg.Test.TestCases.verifyHomeLoans(TestCases.java:85)
at com.cg.Test.TestCases.verifyHomeLoans(TestCases.java:85)
at com.cg.Test.TestCases.verifyHomeLoans(TestCases.java:85)
at com.cg.Test.TestCases.verifyHomeLoans(TestCases.java:85)
at com.cg.Test.TestCases.verifyHomeLoans(TestCases.java:85)
at com.cg.Test.TestCases.verifyHomeLoans(TestCases.java:85)
at com.cg.Test.TestCases.verifyHomeLoans(TestCases.java:85)
at com.cg.Test.TestCases.verifyHomeLoans(TestCases.java:85)
at com.cg.Test.TestCases.verifyHomeLoans(TestCases.java:85)
at com.cg.Test.TestCases.verifyHomeLoans(TestCases.java:85)
at com.cg.Test.TestCases.verifyHomeLoans(TestCases.java:85)
at com.cg.Test.TestCases.verifyHomeLoans(TestCases.java:85)
at com.cg.Test.TestCases.verifyHomeLoans(TestCases.java:85)
at com.cg.Test.TestCases.verifyHomeLoans(TestCases.java:85)
at com.cg.Test.TestCases.verifyHomeLoans(TestCases.java:85)
at com.cg.Test.TestCases.verifyHomeLoans(TestCases.java:85)
at com.cg.Test.TestCases.verifyHomeLoans(TestCases.java:85)
at com.cg.Test.TestCases.verifyHomeLoans(TestCases.java:85)
at com.cg.Test.TestCases.verifyHomeLoans(TestCases.java:85)
at com.cg.Test.TestCases.verifyHomeLoans(TestCases.java:85)
at com.cg.Test.TestCases.verifyHomeLoans(TestCases.java:85)
at com.cg.Test.TestCases.verifyHomeLoans(TestCases.java:85)
at com.cg.Test.TestCases.verifyHomeLoans(TestCases.java:85)
at com.cg.Test.TestCases.verifyHomeLoans(TestCases.java:85)
at com.cg.Test.TestCases.verifyHomeLoans(TestCases.java:85)
at com.cg.Test.TestCases.verifyHomeLoans(TestCases.java:85)
at com.cg.Test.TestCases.verifyHomeLoans(TestCases.java:85)
at com.cg.Test.TestCases.verifyHomeLoans(TestCases.java:85)
at com.cg.Test.TestCases.verifyHomeLoans(TestCases.java:85)
at com.cg.Test.TestCases.verifyHomeLoans(TestCases.java:85)
at com.cg.Test.TestCases.verifyHomeLoans(TestCases.java:85)
at com.cg.Test.TestCases.verifyHomeLoans(TestCases.java:85)
at com.cg.Test.TestCases.verifyHomeLoans(TestCases.java:85)
at com.cg.Test.TestCases.verifyHomeLoans(TestCases.java:85)
at com.cg.Test.TestCases.verifyHomeLoans(TestCases.java:85)
at com.cg.Test.TestCases.verifyHomeLoans(TestCases.java:85)
at com.cg.Test.TestCases.verifyHomeLoans(TestCases.java:85)
at com.cg.Test.TestCases.verifyHomeLoans(TestCases.java:85)
at com.cg.Test.TestCases.verifyHomeLoans(TestCases.java:85)
at com.cg.Test.TestCases.verifyHomeLoans(TestCases.java:85)
at com.cg.Test.TestCases.verifyHomeLoans(TestCases.java:85)
at com.cg.Test.TestCases.verifyHomeLoans(TestCases.java:85)
at com.cg.Test.TestCases.verifyHomeLoans(TestCases.java:85)
at com.cg.Test.TestCases.verifyHomeLoans(TestCases.java:85)
at com.cg.Test.TestCases.verifyHomeLoans(TestCases.java:85)
at com.cg.Test.TestCases.verifyHomeLoans(TestCases.java:85)
at com.cg.Test.TestCases.verifyHomeLoans(TestCases.java:85)
at com.cg.Test.TestCases.verifyHomeLoans(TestCases.java:85)
at com.cg.Test.TestCases.verifyHomeLoans(TestCases.java:85)
at com.cg.Test.TestCases.verifyHomeLoans(TestCases.java:85)
at com.cg.Test.TestCases.verifyHomeLoans(TestCases.java:85)
at com.cg.Test.TestCases.verifyHomeLoans(TestCases.java:85)
at com.cg.Test.TestCases.verifyHomeLoans(TestCases.java:85)
at com.cg.Test.TestCases.verifyHomeLoans(TestCases.java:85)
at com.cg.Test.TestCases.verifyHomeLoans(TestCases.java:85)
at com.cg.Test.TestCases.verifyHomeLoans(TestCases.java:85)
at com.cg.Test.TestCases.verifyHomeLoans(TestCases.java:85)
at com.cg.Test.TestCases.verifyHomeLoans(TestCases.java:85)
at com.cg.Test.TestCases.verifyHomeLoans(TestCases.java:85)
at com.cg.Test.TestCases.verifyHomeLoans(TestCases.java:85)
at com.cg.Test.TestCases.verifyHomeLoans(TestCases.java:85)
at com.cg.Test.TestCases.verifyHomeLoans(TestCases.java:85)
at com.cg.Test.TestCases.verifyHomeLoans(TestCases.java:85)
at com.cg.Test.TestCases.verifyHomeLoans(TestCases.java:85)
at com.cg.Test.TestCases.verifyHomeLoans(TestCases.java:85)
at com.cg.Test.TestCases.verifyHomeLoans(TestCases.java:85)
at com.cg.Test.TestCases.verifyHomeLoans(TestCases.java:85)
at com.cg.Test.TestCases.verifyHomeLoans(TestCases.java:85)
at com.cg.Test.TestCases.verifyHomeLoans(TestCases.java:85)
at com.cg.Test.TestCases.verifyHomeLoans(TestCases.java:85)
at com.cg.Test.TestCases.verifyHomeLoans(TestCases.java:85)
at com.cg.Test.TestCases.verifyHomeLoans(TestCases.java:85)
at com.cg.Test.TestCases.verifyHomeLoans(TestCases.java:85)
at com.cg.Test.TestCases.verifyHomeLoans(TestCases.java:85)
at com.cg.Test.TestCases.verifyHomeLoans(TestCases.java:85)
at com.cg.Test.TestCases.verifyHomeLoans(TestCases.java:85)
at com.cg.Test.TestCases.verifyHomeLoans(TestCases.java:85)
at com.cg.Test.TestCases.verifyHomeLoans(TestCases.java:85)
at com.cg.Test.TestCases.verifyHomeLoans(TestCases.java:85)
at com.cg.Test.TestCases.verifyHomeLoans(TestCases.java:85)
at com.cg.Test.TestCases.verifyHomeLoans(TestCases.java:85)
at com.cg.Test.TestCases.verifyHomeLoans(TestCases.java:85)
at com.cg.Test.TestCases.verifyHomeLoans(TestCases.java:85)
at com.cg.Test.TestCases.verifyHomeLoans(TestCases.java:85)
at com.cg.Test.TestCases.verifyHomeLoans(TestCases.java:85)
at com.cg.Test.TestCases.verifyHomeLoans(TestCases.java:85)
at com.cg.Test.TestCases.verifyHomeLoans(TestCases.java:85)
at com.cg.Test.TestCases.verifyHomeLoans(TestCases.java:85)
at com.cg.Test.TestCases.verifyHomeLoans(TestCases.java:85)
at com.cg.Test.TestCases.verifyHomeLoans(TestCases.java:85)
at com.cg.Test.TestCases.verifyHomeLoans(TestCases.java:85)
at com.cg.Test.TestCases.verifyHomeLoans(TestCases.java:85)
at com.cg.Test.TestCases.verifyHomeLoans(TestCases.java:85)
at com.cg.Test.TestCases.verifyHomeLoans(TestCases.java:85)
at com.cg.Test.TestCases.verifyHomeLoans(TestCases.java:85)
at com.cg.Test.TestCases.verifyHomeLoans(TestCases.java:85)
at com.cg.Test.TestCases.verifyHomeLoans(TestCases.java:85)
at com.cg.Test.TestCases.verifyHomeLoans(TestCases.java:85)
at com.cg.Test.TestCases.verifyHomeLoans(TestCases.java:85)
at com.cg.Test.TestCases.verifyHomeLoans(TestCases.java:85)
at com.cg.Test.TestCases.verifyHomeLoans(TestCases.java:85)
at com.cg.Test.TestCases.verifyHomeLoans(TestCases.java:85)
at com.cg.Test.TestCases.verifyHomeLoans(TestCases.java:85)
at com.cg.Test.TestCases.verifyHomeLoans(TestCases.java:85)
at com.cg.Test.TestCases.verifyHomeLoans(TestCases.java:85)
at com.cg.Test.TestCases.verifyHomeLoans(TestCases.java:85)
at com.cg.Test.TestCases.verifyHomeLoans(TestCases.java:85)
at com.cg.Test.TestCases.verifyHomeLoans(TestCases.java:85)
at com.cg.Test.TestCases.verifyHomeLoans(TestCases.java:85)
at com.cg.Test.TestCases.verifyHomeLoans(TestCases.java:85)
at com.cg.Test.TestCases.verifyHomeLoans(TestCases.java:85)
at com.cg.Test.TestCases.verifyHomeLoans(TestCases.java:85)
at com.cg.Test.TestCases.verifyHomeLoans(TestCases.java:85)
at com.cg.Test.TestCases.verifyHomeLoans(TestCases.java:85)
at com.cg.Test.TestCases.verifyHomeLoans(TestCases.java:85)
at com.cg.Test.TestCases.verifyHomeLoans(TestCases.java:85)
at com.cg.Test.TestCases.verifyHomeLoans(TestCases.java:85)
at com.cg.Test.TestCases.verifyHomeLoans(TestCases.java:85)
at com.cg.Test.TestCases.verifyHomeLoans(TestCases.java:85)
at com.cg.Test.TestCases.verifyHomeLoans(TestCases.java:85)
at com.cg.Test.TestCases.verifyHomeLoans(TestCases.java:85)
at com.cg.Test.TestCases.verifyHomeLoans(TestCases.java:85)
at com.cg.Test.TestCases.verifyHomeLoans(TestCases.java:85)
at com.cg.Test.TestCases.verifyHomeLoans(TestCases.java:85)
at com.cg.Test.TestCases.verifyHomeLoans(TestCases.java:85)
at com.cg.Test.TestCases.verifyHomeLoans(TestCases.java:85)
at com.cg.Test.TestCases.verifyHomeLoans(TestCases.java:85)
at com.cg.Test.TestCases.verifyHomeLoans(TestCases.java:85)
at com.cg.Test.TestCases.verifyHomeLoans(TestCases.java:85)
at com.cg.Test.TestCases.verifyHomeLoans(TestCases.java:85)
at com.cg.Test.TestCases.verifyHomeLoans(TestCases.java:85)
at com.cg.Test.TestCases.verifyHomeLoans(TestCases.java:85)
at com.cg.Test.TestCases.verifyHomeLoans(TestCases.java:85)
at com.cg.Test.TestCases.verifyHomeLoans(TestCases.java:85)
at com.cg.Test.TestCases.verifyHomeLoans(TestCases.java:85)
at com.cg.Test.TestCases.verifyHomeLoans(TestCases.java:85)
at com.cg.Test.TestCases.verifyHomeLoans(TestCases.java:85)
at com.cg.Test.TestCases.verifyHomeLoans(TestCases.java:85)
at com.cg.Test.TestCases.verifyHomeLoans(TestCases.java:85)
at com.cg.Test.TestCases.verifyHomeLoans(TestCases.java:85)
at com.cg.Test.TestCases.verifyHomeLoans(TestCases.java:85)
at com.cg.Test.TestCases.verifyHomeLoans(TestCases.java:85)
at com.cg.Test.TestCases.verifyHomeLoans(TestCases.java:85)
at com.cg.Test.TestCases.verifyHomeLoans(TestCases.java:85)
at com.cg.Test.TestCases.verifyHomeLoans(TestCases.java:85)
at com.cg.Test.TestCases.verifyHomeLoans(TestCases.java:85)
at com.cg.Test.TestCases.verifyHomeLoans(TestCases.java:85)
at com.cg.Test.TestCases.verifyHomeLoans(TestCases.java:85)
at com.cg.Test.TestCases.verifyHomeLoans(TestCases.java:85)
at com.cg.Test.TestCases.verifyHomeLoans(TestCases.java:85)
at com.cg.Test.TestCases.verifyHomeLoans(TestCases.java:85)
at com.cg.Test.TestCases.verifyHomeLoans(TestCases.java:85)
at com.cg.Test.TestCases.verifyHomeLoans(TestCases.java:85)
at com.cg.Test.TestCases.verifyHomeLoans(TestCases.java:85)
at com.cg.Test.TestCases.verifyHomeLoans(TestCases.java:85)
at com.cg.Test.TestCases.verifyHomeLoans(TestCases.java:85)
at com.cg.Test.TestCases.verifyHomeLoans(TestCases.java:85)
at com.cg.Test.TestCases.verifyHomeLoans(TestCases.java:85)
at com.cg.Test.TestCases.verifyHomeLoans(TestCases.java:85)
at com.cg.Test.TestCases.verifyHomeLoans(TestCases.java:85)
at com.cg.Test.TestCases.verifyHomeLoans(TestCases.java:85)
at com.cg.Test.TestCases.verifyHomeLoans(TestCases.java:85)
at com.cg.Test.TestCases.verifyHomeLoans(TestCases.java:85)
at com.cg.Test.TestCases.verifyHomeLoans(TestCases.java:85)
at com.cg.Test.TestCases.verifyHomeLoans(TestCases.java:85)
at com.cg.Test.TestCases.verifyHomeLoans(TestCases.java:85)
at com.cg.Test.TestCases.verifyHomeLoans(TestCases.java:85)
at com.cg.Test.TestCases.verifyHomeLoans(TestCases.java:85)
at com.cg.Test.TestCases.verifyHomeLoans(TestCases.java:85)
at com.cg.Test.TestCases.verifyHomeLoans(TestCases.java:85)
at com.cg.Test.TestCases.verifyHomeLoans(TestCases.java:85)
at com.cg.Test.TestCases.verifyHomeLoans(TestCases.java:85)
at com.cg.Test.TestCases.verifyHomeLoans(TestCases.java:85)
at com.cg.Test.TestCases.verifyHomeLoans(TestCases.java:85)
at com.cg.Test.TestCases.verifyHomeLoans(TestCases.java:85)
at com.cg.Test.TestCases.verifyHomeLoans(TestCases.java:85)
at com.cg.Test.TestCases.verifyHomeLoans(TestCases.java:85)
at com.cg.Test.TestCases.verifyHomeLoans(TestCases.java:85)
at com.cg.Test.TestCases.verifyHomeLoans(TestCases.java:85)
at com.cg.Test.TestCases.verifyHomeLoans(TestCases.java:85)
at com.cg.Test.TestCases.verifyHomeLoans(TestCases.java:85)
at com.cg.Test.TestCases.verifyHomeLoans(TestCases.java:85)
at com.cg.Test.TestCases.verifyHomeLoans(TestCases.java:85)
at com.cg.Test.TestCases.verifyHomeLoans(TestCases.java:85)
at com.cg.Test.TestCases.verifyHomeLoans(TestCases.java:85)
at com.cg.Test.TestCases.verifyHomeLoans(TestCases.java:85)
at com.cg.Test.TestCases.verifyHomeLoans(TestCases.java:85)
at com.cg.Test.TestCases.verifyHomeLoans(TestCases.java:85)
at com.cg.Test.TestCases.verifyHomeLoans(TestCases.java:85)
at com.cg.Test.TestCases.verifyHomeLoans(TestCases.java:85)
at com.cg.Test.TestCases.verifyHomeLoans(TestCases.java:85)
at com.cg.Test.TestCases.verifyHomeLoans(TestCases.java:85)
at com.cg.Test.TestCases.verifyHomeLoans(TestCases.java:85)
at com.cg.Test.TestCases.verifyHomeLoans(TestCases.java:85)
at com.cg.Test.TestCases.verifyHomeLoans(TestCases.java:85)
at com.cg.Test.TestCases.verifyHomeLoans(TestCases.java:85)
at com.cg.Test.TestCases.verifyHomeLoans(TestCases.java:85)
at com.cg.Test.TestCases.verifyHomeLoans(TestCases.java:85)
at com.cg.Test.TestCases.verifyHomeLoans(TestCases.java:85)
at com.cg.Test.TestCases.verifyHomeLoans(TestCases.java:85)
at com.cg.Test.TestCases.verifyHomeLoans(TestCases.java:85)
at com.cg.Test.TestCases.verifyHomeLoans(TestCases.java:85)
at com.cg.Test.TestCases.verifyHomeLoans(TestCases.java:85)
at com.cg.Test.TestCases.verifyHomeLoans(TestCases.java:85)
at com.cg.Test.TestCases.verifyHomeLoans(TestCases.java:85)
at com.cg.Test.TestCases.verifyHomeLoans(TestCases.java:85)
at com.cg.Test.TestCases.verifyHomeLoans(TestCases.java:85)
at com.cg.Test.TestCases.verifyHomeLoans(TestCases.java:85)
at com.cg.Test.TestCases.verifyHomeLoans(TestCases.java:85)
at com.cg.Test.TestCases.verifyHomeLoans(TestCases.java:85)
at com.cg.Test.TestCases.verifyHomeLoans(TestCases.java:85)
at com.cg.Test.TestCases.verifyHomeLoans(TestCases.java:85)
at com.cg.Test.TestCases.verifyHomeLoans(TestCases.java:85)
at com.cg.Test.TestCases.verifyHomeLoans(TestCases.java:85)
at com.cg.Test.TestCases.verifyHomeLoans(TestCases.java:85)
at com.cg.Test.TestCases.verifyHomeLoans(TestCases.java:85)
at com.cg.Test.TestCases.verifyHomeLoans(TestCases.java:85)
at com.cg.Test.TestCases.verifyHomeLoans(TestCases.java:85)
at com.cg.Test.TestCases.verifyHomeLoans(TestCases.java:85)
at com.cg.Test.TestCases.verifyHomeLoans(TestCases.java:85)
at com.cg.Test.TestCases.verifyHomeLoans(TestCases.java:85)
at com.cg.Test.TestCases.verifyHomeLoans(TestCases.java:85)
at com.cg.Test.TestCases.verifyHomeLoans(TestCases.java:85)
at com.cg.Test.TestCases.verifyHomeLoans(TestCases.java:85)
at com.cg.Test.TestCases.verifyHomeLoans(TestCases.java:85)
at com.cg.Test.TestCases.verifyHomeLoans(TestCases.java:85)
at com.cg.Test.TestCases.verifyHomeLoans(TestCases.java:85)
at com.cg.Test.TestCases.verifyHomeLoans(TestCases.java:85)
at com.cg.Test.TestCases.verifyHomeLoans(TestCases.java:85)
at com.cg.Test.TestCases.verifyHomeLoans(TestCases.java:85)
at com.cg.Test.TestCases.verifyHomeLoans(TestCases.java:85)
at com.cg.Test.TestCases.verifyHomeLoans(TestCases.java:85)
at com.cg.Test.TestCases.verifyHomeLoans(TestCases.java:85)
at com.cg.Test.TestCases.verifyHomeLoans(TestCases.java:85)
at com.cg.Test.TestCases.verifyHomeLoans(TestCases.java:85)
at com.cg.Test.TestCases.verifyHomeLoans(TestCases.java:85)
at com.cg.Test.TestCases.verifyHomeLoans(TestCases.java:85)
at com.cg.Test.TestCases.verifyHomeLoans(TestCases.java:85)
at com.cg.Test.TestCases.verifyHomeLoans(TestCases.java:85)
at com.cg.Test.TestCases.verifyHomeLoans(TestCases.java:85)
at com.cg.Test.TestCases.verifyHomeLoans(TestCases.java:85)
at com.cg.Test.TestCases.verifyHomeLoans(TestCases.java:85)
at com.cg.Test.TestCases.verifyHomeLoans(TestCases.java:85)
at com.cg.Test.TestCases.verifyHomeLoans(TestCases.java:85)
at com.cg.Test.TestCases.verifyHomeLoans(TestCases.java:85)
at com.cg.Test.TestCases.verifyHomeLoans(TestCases.java:85)
at com.cg.Test.TestCases.verifyHomeLoans(TestCases.java:85)
at com.cg.Test.TestCases.verifyHomeLoans(TestCases.java:85)
at com.cg.Test.TestCases.verifyHomeLoans(TestCases.java:85)
at com.cg.Test.TestCases.verifyHomeLoans(TestCases.java:85)
at com.cg.Test.TestCases.verifyHomeLoans(TestCases.java:85)
at com.cg.Test.TestCases.verifyHomeLoans(TestCases.java:85)
at com.cg.Test.TestCases.verifyHomeLoans(TestCases.java:85)
at com.cg.Test.TestCases.verifyHomeLoans(TestCases.java:85)
at com.cg.Test.TestCases.verifyHomeLoans(TestCases.java:85)
at com.cg.Test.TestCases.verifyHomeLoans(TestCases.java:85)
at com.cg.Test.TestCases.verifyHomeLoans(TestCases.java:85)
at com.cg.Test.TestCases.verifyHomeLoans(TestCases.java:85)
at com.cg.Test.TestCases.verifyHomeLoans(TestCases.java:85)
at com.cg.Test.TestCases.verifyHomeLoans(TestCases.java:85)
at com.cg.Test.TestCases.verifyHomeLoans(TestCases.java:85)
at com.cg.Test.TestCases.verifyHomeLoans(TestCases.java:85)
at com.cg.Test.TestCases.verifyHomeLoans(TestCases.java:85)
at com.cg.Test.TestCases.verifyHomeLoans(TestCases.java:85)
at com.cg.Test.TestCases.verifyHomeLoans(TestCases.java:85)
at com.cg.Test.TestCases.verifyHomeLoans(TestCases.java:85)
at com.cg.Test.TestCases.verifyHomeLoans(TestCases.java:85)
at com.cg.Test.TestCases.verifyHomeLoans(TestCases.java:85)
at com.cg.Test.TestCases.verifyHomeLoans(TestCases.java:85)
at com.cg.Test.TestCases.verifyHomeLoans(TestCases.java:85)
at com.cg.Test.TestCases.verifyHomeLoans(TestCases.java:85)
at com.cg.Test.TestCases.verifyHomeLoans(TestCases.java:85)
at com.cg.Test.TestCases.verifyHomeLoans(TestCases.java:85)
at com.cg.Test.TestCases.verifyHomeLoans(TestCases.java:85)
at com.cg.Test.TestCases.verifyHomeLoans(TestCases.java:85)
at com.cg.Test.TestCases.verifyHomeLoans(TestCases.java:85)
at com.cg.Test.TestCases.verifyHomeLoans(TestCases.java:85)
at com.cg.Test.TestCases.verifyHomeLoans(TestCases.java:85)
at com.cg.Test.TestCases.verifyHomeLoans(TestCases.java:85)
at com.cg.Test.TestCases.verifyHomeLoans(TestCases.java:85)
at com.cg.Test.TestCases.verifyHomeLoans(TestCases.java:85)
at com.cg.Test.TestCases.verifyHomeLoans(TestCases.java:85)
at com.cg.Test.TestCases.verifyHomeLoans(TestCases.java:85)
at com.cg.Test.TestCases.verifyHomeLoans(TestCases.java:85)
at com.cg.Test.TestCases.verifyHomeLoans(TestCases.java:85)
at com.cg.Test.TestCases.verifyHomeLoans(TestCases.java:85)
at com.cg.Test.TestCases.verifyHomeLoans(TestCases.java:85)
at com.cg.Test.TestCases.verifyHomeLoans(TestCases.java:85)
at com.cg.Test.TestCases.verifyHomeLoans(TestCases.java:85)
at com.cg.Test.TestCases.verifyHomeLoans(TestCases.java:85)
at com.cg.Test.TestCases.verifyHomeLoans(TestCases.java:85)
at com.cg.Test.TestCases.verifyHomeLoans(TestCases.java:85)
at com.cg.Test.TestCases.verifyHomeLoans(TestCases.java:85)
at com.cg.Test.TestCases.verifyHomeLoans(TestCases.java:85)
at com.cg.Test.TestCases.verifyHomeLoans(TestCases.java:85)
at com.cg.Test.TestCases.verifyHomeLoans(TestCases.java:85)
at com.cg.Test.TestCases.verifyHomeLoans(TestCases.java:85)
at com.cg.Test.TestCases.verifyHomeLoans(TestCases.java:85)
at com.cg.Test.TestCases.verifyHomeLoans(TestCases.java:85)
at com.cg.Test.TestCases.verifyHomeLoans(TestCases.java:85)
at com.cg.Test.TestCases.verifyHomeLoans(TestCases.java:85)
at com.cg.Test.TestCases.verifyHomeLoans(TestCases.java:85)
at com.cg.Test.TestCases.verifyHomeLoans(TestCases.java:85)
at com.cg.Test.TestCases.verifyHomeLoans(TestCases.java:85)
at com.cg.Test.TestCases.verifyHomeLoans(TestCases.java:85)
at com.cg.Test.TestCases.verifyHomeLoans(TestCases.java:85)
at com.cg.Test.TestCases.verifyHomeLoans(TestCases.java:85)
at com.cg.Test.TestCases.verifyHomeLoans(TestCases.java:85)
at com.cg.Test.TestCases.verifyHomeLoans(TestCases.java:85)
at com.cg.Test.TestCases.verifyHomeLoans(TestCases.java:85)
at com.cg.Test.TestCases.verifyHomeLoans(TestCases.java:85)
at com.cg.Test.TestCases.verifyHomeLoans(TestCases.java:85)
at com.cg.Test.TestCases.verifyHomeLoans(TestCases.java:85)
at com.cg.Test.TestCases.verifyHomeLoans(TestCases.java:85)
at com.cg.Test.TestCases.verifyHomeLoans(TestCases.java:85)
at com.cg.Test.TestCases.verifyHomeLoans(TestCases.java:85)
at com.cg.Test.TestCases.verifyHomeLoans(TestCases.java:85)
at com.cg.Test.TestCases.verifyHomeLoans(TestCases.java:85)
at com.cg.Test.TestCases.verifyHomeLoans(TestCases.java:85)
at com.cg.Test.TestCases.verifyHomeLoans(TestCases.java:85)
at com.cg.Test.TestCases.verifyHomeLoans(TestCases.java:85)
at com.cg.Test.TestCases.verifyHomeLoans(TestCases.java:85)
at com.cg.Test.TestCases.verifyHomeLoans(TestCases.java:85)
at com.cg.Test.TestCases.verifyHomeLoans(TestCases.java:85)
at com.cg.Test.TestCases.verifyHomeLoans(TestCases.java:85)
at com.cg.Test.TestCases.verifyHomeLoans(TestCases.java:85)
at com.cg.Test.TestCases.verifyHomeLoans(TestCases.java:85)
at com.cg.Test.TestCases.verifyHomeLoans(TestCases.java:85)
at com.cg.Test.TestCases.verifyHomeLoans(TestCases.java:85)
at com.cg.Test.TestCases.verifyHomeLoans(TestCases.java:85)
at com.cg.Test.TestCases.verifyHomeLoans(TestCases.java:85)
at com.cg.Test.TestCases.verifyHomeLoans(TestCases.java:85)
at com.cg.Test.TestCases.verifyHomeLoans(TestCases.java:85)
at com.cg.Test.TestCases.verifyHomeLoans(TestCases.java:85)
at com.cg.Test.TestCases.verifyHomeLoans(TestCases.java:85)
at com.cg.Test.TestCases.verifyHomeLoans(TestCases.java:85)
at com.cg.Test.TestCases.verifyHomeLoans(TestCases.java:85)
at com.cg.Test.TestCases.verifyHomeLoans(TestCases.java:85)
at com.cg.Test.TestCases.verifyHomeLoans(TestCases.java:85)
at com.cg.Test.TestCases.verifyHomeLoans(TestCases.java:85)
at com.cg.Test.TestCases.verifyHomeLoans(TestCases.java:85)
at com.cg.Test.TestCases.verifyHomeLoans(TestCases.java:85)
at com.cg.Test.TestCases.verifyHomeLoans(TestCases.java:85)
at com.cg.Test.TestCases.verifyHomeLoans(TestCases.java:85)
at com.cg.Test.TestCases.verifyHomeLoans(TestCases.java:85)
at com.cg.Test.TestCases.verifyHomeLoans(TestCases.java:85)
at com.cg.Test.TestCases.verifyHomeLoans(TestCases.java:85)
at com.cg.Test.TestCases.verifyHomeLoans(TestCases.java:85)
at com.cg.Test.TestCases.verifyHomeLoans(TestCases.java:85)
at com.cg.Test.TestCases.verifyHomeLoans(TestCases.java:85)
at com.cg.Test.TestCases.verifyHomeLoans(TestCases.java:85)
at com.cg.Test.TestCases.verifyHomeLoans(TestCases.java:85)
at com.cg.Test.TestCases.verifyHomeLoans(TestCases.java:85)
at com.cg.Test.TestCases.verifyHomeLoans(TestCases.java:85)
at com.cg.Test.TestCases.verifyHomeLoans(TestCases.java:85)
at com.cg.Test.TestCases.verifyHomeLoans(TestCases.java:85)
at com.cg.Test.TestCases.verifyHomeLoans(TestCases.java:85)
at com.cg.Test.TestCases.verifyHomeLoans(TestCases.java:85)
at com.cg.Test.TestCases.verifyHomeLoans(TestCases.java:85)
at com.cg.Test.TestCases.verifyHomeLoans(TestCases.java:85)
at com.cg.Test.TestCases.verifyHomeLoans(TestCases.java:85)
at com.cg.Test.TestCases.verifyHomeLoans(TestCases.java:85)
at com.cg.Test.TestCases.verifyHomeLoans(TestCases.java:85)
at com.cg.Test.TestCases.verifyHomeLoans(TestCases.java:85)
at com.cg.Test.TestCases.verifyHomeLoans(TestCases.java:85)
at com.cg.Test.TestCases.verifyHomeLoans(TestCases.java:85)
at com.cg.Test.TestCases.verifyHomeLoans(TestCases.java:85)
at com.cg.Test.TestCases.verifyHomeLoans(TestCases.java:85)
at com.cg.Test.TestCases.verifyHomeLoans(TestCases.java:85)
at com.cg.Test.TestCases.verifyHomeLoans(TestCases.java:85)
at com.cg.Test.TestCases.verifyHomeLoans(TestCases.java:85)
at com.cg.Test.TestCases.verifyHomeLoans(TestCases.java:85)
at com.cg.Test.TestCases.verifyHomeLoans(TestCases.java:85)
at com.cg.Test.TestCases.verifyHomeLoans(TestCases.java:85)
at com.cg.Test.TestCases.verifyHomeLoans(TestCases.java:85)
at com.cg.Test.TestCases.verifyHomeLoans(TestCases.java:85)
at com.cg.Test.TestCases.verifyHomeLoans(TestCases.java:85)
at com.cg.Test.TestCases.verifyHomeLoans(TestCases.java:85)
at com.cg.Test.TestCases.verifyHomeLoans(TestCases.java:85)
at com.cg.Test.TestCases.verifyHomeLoans(TestCases.java:85)
at com.cg.Test.TestCases.verifyHomeLoans(TestCases.java:85)
at com.cg.Test.TestCases.verifyHomeLoans(TestCases.java:85)
at com.cg.Test.TestCases.verifyHomeLoans(TestCases.java:85)
at com.cg.Test.TestCases.verifyHomeLoans(TestCases.java:85)
at com.cg.Test.TestCases.verifyHomeLoans(TestCases.java:85)
at com.cg.Test.TestCases.verifyHomeLoans(TestCases.java:85)
at com.cg.Test.TestCases.verifyHomeLoans(TestCases.java:85)
at com.cg.Test.TestCases.verifyHomeLoans(TestCases.java:85)
at com.cg.Test.TestCases.verifyHomeLoans(TestCases.java:85)
at com.cg.Test.TestCases.verifyHomeLoans(TestCases.java:85)
at com.cg.Test.TestCases.verifyHomeLoans(TestCases.java:85)
at com.cg.Test.TestCases.verifyHomeLoans(TestCases.java:85)
at com.cg.Test.TestCases.verifyHomeLoans(TestCases.java:85)
at com.cg.Test.TestCases.verifyHomeLoans(TestCases.java:85)
at com.cg.Test.TestCases.verifyHomeLoans(TestCases.java:85)
at com.cg.Test.TestCases.verifyHomeLoans(TestCases.java:85)
at com.cg.Test.TestCases.verifyHomeLoans(TestCases.java:85)
at com.cg.Test.TestCases.verifyHomeLoans(TestCases.java:85)
at com.cg.Test.TestCases.verifyHomeLoans(TestCases.java:85)
at com.cg.Test.TestCases.verifyHomeLoans(TestCases.java:85)
at com.cg.Test.TestCases.verifyHomeLoans(TestCases.java:85)
at com.cg.Test.TestCases.verifyHomeLoans(TestCases.java:85)
at com.cg.Test.TestCases.verifyHomeLoans(TestCases.java:85)
at com.cg.Test.TestCases.verifyHomeLoans(TestCases.java:85)
at com.cg.Test.TestCases.verifyHomeLoans(TestCases.java:85)
at com.cg.Test.TestCases.verifyHomeLoans(TestCases.java:85)
at com.cg.Test.TestCases.verifyHomeLoans(TestCases.java:85)
at com.cg.Test.TestCases.verifyHomeLoans(TestCases.java:85)
at com.cg.Test.TestCases.verifyHomeLoans(TestCases.java:85)
at com.cg.Test.TestCases.verifyHomeLoans(TestCases.java:85)
at com.cg.Test.TestCases.verifyHomeLoans(TestCases.java:85)
at com.cg.Test.TestCases.verifyHomeLoans(TestCases.java:85)
at com.cg.Test.TestCases.verifyHomeLoans(TestCases.java:85)
at com.cg.Test.TestCases.verifyHomeLoans(TestCases.java:85)
at com.cg.Test.TestCases.verifyHomeLoans(TestCases.java:85)
at com.cg.Test.TestCases.verifyHomeLoans(TestCases.java:85)
at com.cg.Test.TestCases.verifyHomeLoans(TestCases.java:85)
at com.cg.Test.TestCases.verifyHomeLoans(TestCases.java:85)
at com.cg.Test.TestCases.verifyHomeLoans(TestCases.java:85)
at com.cg.Test.TestCases.verifyHomeLoans(TestCases.java:85)
at com.cg.Test.TestCases.verifyHomeLoans(TestCases.java:85)
at com.cg.Test.TestCases.verifyHomeLoans(TestCases.java:85)
at com.cg.Test.TestCases.verifyHomeLoans(TestCases.java:85)
at com.cg.Test.TestCases.verifyHomeLoans(TestCases.java:85)
at com.cg.Test.TestCases.verifyHomeLoans(TestCases.java:85)
at com.cg.Test.TestCases.verifyHomeLoans(TestCases.java:85)
at com.cg.Test.TestCases.verifyHomeLoans(TestCases.java:85)
at com.cg.Test.TestCases.verifyHomeLoans(TestCases.java:85)
at com.cg.Test.TestCases.verifyHomeLoans(TestCases.java:85)
at com.cg.Test.TestCases.verifyHomeLoans(TestCases.java:85)
at com.cg.Test.TestCases.verifyHomeLoans(TestCases.java:85)
at com.cg.Test.TestCases.verifyHomeLoans(TestCases.java:85)
at com.cg.Test.TestCases.verifyHomeLoans(TestCases.java:85)
at com.cg.Test.TestCases.verifyHomeLoans(TestCases.java:85)
at com.cg.Test.TestCases.verifyHomeLoans(TestCases.java:85)
at com.cg.Test.TestCases.verifyHomeLoans(TestCases.java:85)
at com.cg.Test.TestCases.verifyHomeLoans(TestCases.java:85)
at com.cg.Test.TestCases.verifyHomeLoans(TestCases.java:85)
at com.cg.Test.TestCases.verifyHomeLoans(TestCases.java:85)
at com.cg.Test.TestCases.verifyHomeLoans(TestCases.java:85)
at com.cg.Test.TestCases.verifyHomeLoans(TestCases.java:85)
at com.cg.Test.TestCases.verifyHomeLoans(TestCases.java:85)
at com.cg.Test.TestCases.verifyHomeLoans(TestCases.java:85)
at com.cg.Test.TestCases.verifyHomeLoans(TestCases.java:85)
at com.cg.Test.TestCases.verifyHomeLoans(TestCases.java:85)
at com.cg.Test.TestCases.verifyHomeLoans(TestCases.java:85)
at com.cg.Test.TestCases.verifyHomeLoans(TestCases.java:85)
at com.cg.Test.TestCases.verifyHomeLoans(TestCases.java:85)
at com.cg.Test.TestCases.verifyHomeLoans(TestCases.java:85)
at com.cg.Test.TestCases.verifyHomeLoans(TestCases.java:85)
at com.cg.Test.TestCases.verifyHomeLoans(TestCases.java:85)
at com.cg.Test.TestCases.verifyHomeLoans(TestCases.java:85)
at com.cg.Test.TestCases.verifyHomeLoans(TestCases.java:85)
at com.cg.Test.TestCases.verifyHomeLoans(TestCases.java:85)
at com.cg.Test.TestCases.verifyHomeLoans(TestCases.java:85)
at com.cg.Test.TestCases.verifyHomeLoans(TestCases.java:85)
at com.cg.Test.TestCases.verifyHomeLoans(TestCases.java:85)
at com.cg.Test.TestCases.verifyHomeLoans(TestCases.java:85)
at com.cg.Test.TestCases.verifyHomeLoans(TestCases.java:85)
at com.cg.Test.TestCases.verifyHomeLoans(TestCases.java:85)
at com.cg.Test.TestCases.verifyHomeLoans(TestCases.java:85)
at com.cg.Test.TestCases.verifyHomeLoans(TestCases.java:85)
at com.cg.Test.TestCases.verifyHomeLoans(TestCases.java:85)
at com.cg.Test.TestCases.verifyHomeLoans(TestCases.java:85)
at com.cg.Test.TestCases.verifyHomeLoans(TestCases.java:85)
at com.cg.Test.TestCases.verifyHomeLoans(TestCases.java:85)
at com.cg.Test.TestCases.verifyHomeLoans(TestCases.java:85)
at com.cg.Test.TestCases.verifyHomeLoans(TestCases.java:85)
at com.cg.Test.TestCases.verifyHomeLoans(TestCases.java:85)
at com.cg.Test.TestCases.verifyHomeLoans(TestCases.java:85)
at com.cg.Test.TestCases.verifyHomeLoans(TestCases.java:85)
at com.cg.Test.TestCases.verifyHomeLoans(TestCases.java:85)
at com.cg.Test.TestCases.verifyHomeLoans(TestCases.java:85)
at com.cg.Test.TestCases.verifyHomeLoans(TestCases.java:85)
at com.cg.Test.TestCases.verifyHomeLoans(TestCases.java:85)
at com.cg.Test.TestCases.verifyHomeLoans(TestCases.java:85)
at com.cg.Test.TestCases.verifyHomeLoans(TestCases.java:85)
at com.cg.Test.TestCases.verifyHomeLoans(TestCases.java:85)
at com.cg.Test.TestCases.verifyHomeLoans(TestCases.java:85)
at com.cg.Test.TestCases.verifyHomeLoans(TestCases.java:85)
at com.cg.Test.TestCases.verifyHomeLoans(TestCases.java:85)
at com.cg.Test.TestCases.verifyHomeLoans(TestCases.java:85)
at com.cg.Test.TestCases.verifyHomeLoans(TestCases.java:85)
at com.cg.Test.TestCases.verifyHomeLoans(TestCases.java:85)
at com.cg.Test.TestCases.verifyHomeLoans(TestCases.java:85)
at com.cg.Test.TestCases.verifyHomeLoans(TestCases.java:85)
at com.cg.Test.TestCases.verifyHomeLoans(TestCases.java:85)
at com.cg.Test.TestCases.verifyHomeLoans(TestCases.java:85)
at com.cg.Test.TestCases.verifyHomeLoans(TestCases.java:85)
at com.cg.Test.TestCases.verifyHomeLoans(TestCases.java:85)
at com.cg.Test.TestCases.verifyHomeLoans(TestCases.java:85)
at com.cg.Test.TestCases.verifyHomeLoans(TestCases.java:85)
at com.cg.Test.TestCases.verifyHomeLoans(TestCases.java:85)
at com.cg.Test.TestCases.verifyHomeLoans(TestCases.java:85)
at com.cg.Test.TestCases.verifyHomeLoans(TestCases.java:85)
at com.cg.Test.TestCases.verifyHomeLoans(TestCases.java:85)
at com.cg.Test.TestCases.verifyHomeLoans(TestCases.java:85)
at com.cg.Test.TestCases.verifyHomeLoans(TestCases.java:85)
at com.cg.Test.TestCases.verifyHomeLoans(TestCases.java:85)
at com.cg.Test.TestCases.verifyHomeLoans(TestCases.java:85)
at com.cg.Test.TestCases.verifyHomeLoans(TestCases.java:85)
at com.cg.Test.TestCases.verifyHomeLoans(TestCases.java:85)
at com.cg.Test.TestCases.verifyHomeLoans(TestCases.java:85)
at com.cg.Test.TestCases.verifyHomeLoans(TestCases.java:85)
at com.cg.Test.TestCases.verifyHomeLoans(TestCases.java:85)
at com.cg.Test.TestCases.verifyHomeLoans(TestCases.java:85)
at com.cg.Test.TestCases.verifyHomeLoans(TestCases.java:85)
at com.cg.Test.TestCases.verifyHomeLoans(TestCases.java:85)
at com.cg.Test.TestCases.verifyHomeLoans(TestCases.java:85)
at com.cg.Test.TestCases.verifyHomeLoans(TestCases.java:85)
at com.cg.Test.TestCases.verifyHomeLoans(TestCases.java:85)
at com.cg.Test.TestCases.verifyHomeLoans(TestCases.java:85)
at com.cg.Test.TestCases.verifyHomeLoans(TestCases.java:85)
at com.cg.Test.TestCases.verifyHomeLoans(TestCases.java:85)
at com.cg.Test.TestCases.verifyHomeLoans(TestCases.java:85)
at com.cg.Test.TestCases.verifyHomeLoans(TestCases.java:85)
at com.cg.Test.TestCases.verifyHomeLoans(TestCases.java:85)
at com.cg.Test.TestCases.verifyHomeLoans(TestCases.java:85)
at com.cg.Test.TestCases.verifyHomeLoans(TestCases.java:85)
at com.cg.Test.TestCases.verifyHomeLoans(TestCases.java:85)
at com.cg.Test.TestCases.verifyHomeLoans(TestCases.java:85)
at com.cg.Test.TestCases.verifyHomeLoans(TestCases.java:85)
at com.cg.Test.TestCases.verifyHomeLoans(TestCases.java:85)
at com.cg.Test.TestCases.verifyHomeLoans(TestCases.java:85)
at com.cg.Test.TestCases.verifyHomeLoans(TestCases.java:85)
at com.cg.Test.TestCases.verifyHomeLoans(TestCases.java:85)
at com.cg.Test.TestCases.verifyHomeLoans(TestCases.java:85)
at com.cg.Test.TestCases.verifyHomeLoans(TestCases.java:85)
at com.cg.Test.TestCases.verifyHomeLoans(TestCases.java:85)
at com.cg.Test.TestCases.verifyHomeLoans(TestCases.java:85)
at com.cg.Test.TestCases.verifyHomeLoans(TestCases.java:85)
at com.cg.Test.TestCases.verifyHomeLoans(TestCases.java:85)
at com.cg.Test.TestCases.verifyHomeLoans(TestCases.java:85)
at com.cg.Test.TestCases.verifyHomeLoans(TestCases.java:85)
at com.cg.Test.TestCases.verifyHomeLoans(TestCases.java:85)
at com.cg.Test.TestCases.verifyHomeLoans(TestCases.java:85)
at com.cg.Test.TestCases.verifyHomeLoans(TestCases.java:85)
at com.cg.Test.TestCases.verifyHomeLoans(TestCases.java:85)
at com.cg.Test.TestCases.verifyHomeLoans(TestCases.java:85)
at com.cg.Test.TestCases.verifyHomeLoans(TestCases.java:85)
at com.cg.Test.TestCases.verifyHomeLoans(TestCases.java:85)
at com.cg.Test.TestCases.verifyHomeLoans(TestCases.java:85)
at com.cg.Test.TestCases.verifyHomeLoans(TestCases.java:85)
at com.cg.Test.TestCases.verifyHomeLoans(TestCases.java:85)
at com.cg.Test.TestCases.verifyHomeLoans(TestCases.java:85)
at com.cg.Test.TestCases.verifyHomeLoans(TestCases.java:85)
at com.cg.Test.TestCases.verifyHomeLoans(TestCases.java:85)
at com.cg.Test.TestCases.verifyHomeLoans(TestCases.java:85)
at com.cg.Test.TestCases.verifyHomeLoans(TestCases.java:85)
at com.cg.Test.TestCases.verifyHomeLoans(TestCases.java:85)
at com.cg.Test.TestCases.verifyHomeLoans(TestCases.java:85)
at com.cg.Test.TestCases.verifyHomeLoans(TestCases.java:85)
at com.cg.Test.TestCases.verifyHomeLoans(TestCases.java:85)
at com.cg.Test.TestCases.verifyHomeLoans(TestCases.java:85)
at com.cg.Test.TestCases.verifyHomeLoans(TestCases.java:85)
at com.cg.Test.TestCases.verifyHomeLoans(TestCases.java:85)
at com.cg.Test.TestCases.verifyHomeLoans(TestCases.java:85)
at com.cg.Test.TestCases.verifyHomeLoans(TestCases.java:85)
at com.cg.Test.TestCases.verifyHomeLoans(TestCases.java:85)
at com.cg.Test.TestCases.verifyHomeLoans(TestCases.java:85)
at com.cg.Test.TestCases.verifyHomeLoans(TestCases.java:85)
at com.cg.Test.TestCases.verifyHomeLoans(TestCases.java:85)
at com.cg.Test.TestCases.verifyHomeLoans(TestCases.java:85)
at com.cg.Test.TestCases.verifyHomeLoans(TestCases.java:85)
at com.cg.Test.TestCases.verifyHomeLoans(TestCases.java:85)
at com.cg.Test.TestCases.verifyHomeLoans(TestCases.java:85)
at com.cg.Test.TestCases.verifyHomeLoans(TestCases.java:85)
at com.cg.Test.TestCases.verifyHomeLoans(TestCases.java:85)
at com.cg.Test.TestCases.verifyHomeLoans(TestCases.java:85)
at com.cg.Test.TestCases.verifyHomeLoans(TestCases.java:85)
at com.cg.Test.TestCases.verifyHomeLoans(TestCases.java:85)
at com.cg.Test.TestCases.verifyHomeLoans(TestCases.java:85)
at com.cg.Test.TestCases.verifyHomeLoans(TestCases.java:85)
at com.cg.Test.TestCases.verifyHomeLoans(TestCases.java:85)
at com.cg.Test.TestCases.verifyHomeLoans(TestCases.java:85)
at com.cg.Test.TestCases.verifyHomeLoans(TestCases.java:85)
at com.cg.Test.TestCases.verifyHomeLoans(TestCases.java:85)
at com.cg.Test.TestCases.verifyHomeLoans(TestCases.java:85)
at com.cg.Test.TestCases.verifyHomeLoans(TestCases.java:85)
at com.cg.Test.TestCases.verifyHomeLoans(TestCases.java:85)
at com.cg.Test.TestCases.verifyHomeLoans(TestCases.java:85)
at com.cg.Test.TestCases.verifyHomeLoans(TestCases.java:85)
at com.cg.Test.TestCases.verifyHomeLoans(TestCases.java:85)
at com.cg.Test.TestCases.verifyHomeLoans(TestCases.java:85)
at com.cg.Test.TestCases.verifyHomeLoans(TestCases.java:85)
at com.cg.Test.TestCases.verifyHomeLoans(TestCases.java:85)
]]>
    </error>
  </testcase> <!-- verifyHomeLoans -->
  <system-out/>
</testsuite> <!-- com.cg.Test.TestCases -->
