<?xml version="1.0" encoding="UTF-8"?>
<!-- Generated by org.testng.reporters.JUnitReportReporter -->
<testsuite hostname="INLEN8520078556" failures="0" tests="2" name="com.Test.ParallelTestExecution" time="7.948" errors="0" timestamp="2023-06-27T17:46:33 IST" skipped="0">
  <testcase classname="com.Test.ParallelTestExecution" name="Test2Execution" time="3.384"/>
  <system-out/>
  <testcase classname="com.Test.ParallelTestExecution" name="Test1Execution" time="4.564"/>
  <system-out/>
</testsuite> <!-- com.Test.ParallelTestExecution -->
