<?xml version="1.0" encoding="UTF-8"?>
<!-- Generated by org.testng.reporters.JUnitReportReporter -->
<testsuite hostname="INLEN8520078556" failures="0" tests="2" name="com.cg.Test.ParallelTestExecution" time="7.742" errors="0" timestamp="2023-06-29T15:38:50 IST" skipped="0">
  <testcase classname="com.cg.Test.ParallelTestExecution" name="Test1Execution" time="4.531"/>
  <system-out/>
  <testcase classname="com.cg.Test.ParallelTestExecution" name="Test2Execution" time="3.211"/>
  <system-out/>
</testsuite> <!-- com.cg.Test.ParallelTestExecution -->
